<?xml version="1.0" encoding="UTF-8"?>
<!-- Generated by org.testng.reporters.JUnitXMLReporter -->
<testsuite ignored="4" hostname="DESKTOP-TC1ANB6" failures="0" tests="2" name="Surefire test" time="10.562" errors="0" timestamp="2025-05-18T16:11:38 IST">
  <testcase classname="com.ibs.wwd.testcase.TC_001_LoginTest" name="loginTest" time="2.006"/>
  <testcase classname="com.ibs.wwd.testcase.TC_002_AddToCartTest" name="addToCartTest" time="0.203"/>
  <testcase classname="com.ibs.wwd.configuration.TestConfig" name="@AfterSuite afterAllClasses" time="0.0">
    <ignored/>
  </testcase> <!-- @AfterSuite afterAllClasses -->
  <testcase classname="com.ibs.wwd.configuration.TestConfig" name="@BeforeSuite beforeAllClasses" time="0.0">
    <ignored/>
  </testcase> <!-- @BeforeSuite beforeAllClasses -->
  <testcase classname="com.ibs.wwd.configuration.TestConfig" name="@BeforeSuite beforeAllClasses" time="0.0">
    <ignored/>
  </testcase> <!-- @BeforeSuite beforeAllClasses -->
  <testcase classname="com.ibs.wwd.configuration.TestConfig" name="@AfterSuite afterAllClasses" time="0.0">
    <ignored/>
  </testcase> <!-- @AfterSuite afterAllClasses -->
</testsuite> <!-- Surefire test -->
