<?xml version="1.0" encoding="UTF-8"?>
<!-- Generated by org.testng.reporters.JUnitXMLReporter -->
<testsuite ignored="6" hostname="DESKTOP-TC1ANB6" failures="0" tests="3" name="Default test" time="20.107" errors="0" timestamp="2025-05-18T16:19:27 IST">
  <testcase classname="com.ibs.wwd.testcase.TC_002_AddToCartTest" name="addToCartTest" time="0.3"/>
  <testcase classname="com.ibs.wwd.testcase.TC_003_AllClientPortalOrders" name="confirmationMessage" time="1.12"/>
  <testcase classname="com.ibs.wwd.testcase.TC_001_LoginTest" name="loginTest" time="3.201"/>
  <testcase classname="com.ibs.wwd.configuration.TestConfig" name="@BeforeSuite beforeAllClasses" time="0.0">
    <ignored/>
  </testcase> <!-- @BeforeSuite beforeAllClasses -->
  <testcase classname="com.ibs.wwd.configuration.TestConfig" name="@AfterSuite afterAllClasses" time="0.0">
    <ignored/>
  </testcase> <!-- @AfterSuite afterAllClasses -->
  <testcase classname="com.ibs.wwd.configuration.TestConfig" name="@AfterSuite afterAllClasses" time="0.0">
    <ignored/>
  </testcase> <!-- @AfterSuite afterAllClasses -->
  <testcase classname="com.ibs.wwd.configuration.TestConfig" name="@BeforeSuite beforeAllClasses" time="0.0">
    <ignored/>
  </testcase> <!-- @BeforeSuite beforeAllClasses -->
  <testcase classname="com.ibs.wwd.configuration.TestConfig" name="@AfterSuite afterAllClasses" time="0.0">
    <ignored/>
  </testcase> <!-- @AfterSuite afterAllClasses -->
  <testcase classname="com.ibs.wwd.configuration.TestConfig" name="@BeforeSuite beforeAllClasses" time="0.0">
    <ignored/>
  </testcase> <!-- @BeforeSuite beforeAllClasses -->
</testsuite> <!-- Default test -->
