<?xml version="1.0" encoding="UTF-8"?>
<testng-results ignored="0" total="2" passed="2" failed="0" skipped="0">
  <reporter-output>
  </reporter-output>
  <suite started-at="2025-05-18T16:11:27 IST" name="Surefire suite" finished-at="2025-05-18T16:11:38 IST" duration-ms="10562">
    <groups>
    </groups>
    <test started-at="2025-05-18T16:11:27 IST" name="Surefire test" finished-at="2025-05-18T16:11:38 IST" duration-ms="10562">
      <class name="com.ibs.wwd.configuration.TestConfig">
        <test-method is-config="true" signature="beforeAllClasses()[pri:0, instance:com.ibs.wwd.configuration.TestConfig@446293d]" started-at="2025-05-18T16:11:27 IST" name="beforeAllClasses" finished-at="2025-05-18T16:11:27 IST" duration-ms="16" status="PASS">
          <reporter-output>
          </reporter-output>
        </test-method> <!-- beforeAllClasses -->
        <test-method is-config="true" signature="afterAllClasses()[pri:0, instance:com.ibs.wwd.configuration.TestConfig@446293d]" started-at="2025-05-18T16:11:38 IST" name="afterAllClasses" finished-at="2025-05-18T16:11:38 IST" duration-ms="1" status="PASS">
          <reporter-output>
          </reporter-output>
        </test-method> <!-- afterAllClasses -->
      </class> <!-- com.ibs.wwd.configuration.TestConfig -->
      <class name="com.ibs.wwd.testcase.TC_002_AddToCartTest">
        <test-method is-config="true" signature="before()[pri:0, instance:com.ibs.wwd.testcase.TC_002_AddToCartTest@7a419da4]" started-at="2025-05-18T16:11:34 IST" name="before" finished-at="2025-05-18T16:11:36 IST" duration-ms="2445" status="PASS">
          <reporter-output>
          </reporter-output>
        </test-method> <!-- before -->
        <test-method signature="addToCartTest()[pri:0, instance:com.ibs.wwd.testcase.TC_002_AddToCartTest@7a419da4]" started-at="2025-05-18T16:11:36 IST" name="addToCartTest" finished-at="2025-05-18T16:11:36 IST" duration-ms="203" status="PASS">
          <reporter-output>
          </reporter-output>
        </test-method> <!-- addToCartTest -->
        <test-method is-config="true" signature="after()[pri:0, instance:com.ibs.wwd.testcase.TC_002_AddToCartTest@7a419da4]" started-at="2025-05-18T16:11:36 IST" name="after" finished-at="2025-05-18T16:11:38 IST" duration-ms="1072" status="PASS">
          <reporter-output>
          </reporter-output>
        </test-method> <!-- after -->
      </class> <!-- com.ibs.wwd.testcase.TC_002_AddToCartTest -->
      <class name="com.ibs.wwd.testcase.TC_001_LoginTest">
        <test-method is-config="true" signature="before()[pri:0, instance:com.ibs.wwd.testcase.TC_001_LoginTest@2053d869]" started-at="2025-05-18T16:11:27 IST" name="before" finished-at="2025-05-18T16:11:31 IST" duration-ms="4015" status="PASS">
          <reporter-output>
          </reporter-output>
        </test-method> <!-- before -->
        <test-method signature="loginTest()[pri:0, instance:com.ibs.wwd.testcase.TC_001_LoginTest@2053d869]" started-at="2025-05-18T16:11:31 IST" name="loginTest" finished-at="2025-05-18T16:11:33 IST" duration-ms="2006" status="PASS">
          <reporter-output>
          </reporter-output>
        </test-method> <!-- loginTest -->
        <test-method is-config="true" signature="after()[pri:0, instance:com.ibs.wwd.testcase.TC_001_LoginTest@2053d869]" started-at="2025-05-18T16:11:33 IST" name="after" finished-at="2025-05-18T16:11:34 IST" duration-ms="731" status="PASS">
          <reporter-output>
          </reporter-output>
        </test-method> <!-- after -->
      </class> <!-- com.ibs.wwd.testcase.TC_001_LoginTest -->
    </test> <!-- Surefire test -->
  </suite> <!-- Surefire suite -->
</testng-results>
