<?xml version="1.0" encoding="UTF-8"?>
<testng-results ignored="0" total="3" passed="3" failed="0" skipped="0">
  <reporter-output>
  </reporter-output>
  <suite started-at="2025-05-18T16:19:07 IST" name="Default suite" finished-at="2025-05-18T16:19:27 IST" duration-ms="20107">
    <groups>
    </groups>
    <test started-at="2025-05-18T16:19:07 IST" name="Default test" finished-at="2025-05-18T16:19:27 IST" duration-ms="20107">
      <class name="com.ibs.wwd.configuration.TestConfig">
        <test-method is-config="true" signature="beforeAllClasses()[pri:0, instance:com.ibs.wwd.configuration.TestConfig@27406a17]" started-at="2025-05-18T16:19:07 IST" name="beforeAllClasses" finished-at="2025-05-18T16:19:07 IST" duration-ms="25" status="PASS">
          <reporter-output>
          </reporter-output>
        </test-method> <!-- beforeAllClasses -->
        <test-method is-config="true" signature="afterAllClasses()[pri:0, instance:com.ibs.wwd.configuration.TestConfig@27406a17]" started-at="2025-05-18T16:19:27 IST" name="afterAllClasses" finished-at="2025-05-18T16:19:27 IST" duration-ms="1" status="PASS">
          <reporter-output>
          </reporter-output>
        </test-method> <!-- afterAllClasses -->
      </class> <!-- com.ibs.wwd.configuration.TestConfig -->
      <class name="com.ibs.wwd.testcase.TC_002_AddToCartTest">
        <test-method is-config="true" signature="before()[pri:0, instance:com.ibs.wwd.testcase.TC_002_AddToCartTest@7161d8d1]" started-at="2025-05-18T16:19:07 IST" name="before" finished-at="2025-05-18T16:19:13 IST" duration-ms="5751" status="PASS">
          <reporter-output>
          </reporter-output>
        </test-method> <!-- before -->
        <test-method signature="addToCartTest()[pri:2, instance:com.ibs.wwd.testcase.TC_002_AddToCartTest@7161d8d1]" started-at="2025-05-18T16:19:13 IST" name="addToCartTest" finished-at="2025-05-18T16:19:13 IST" duration-ms="300" status="PASS">
          <reporter-output>
          </reporter-output>
        </test-method> <!-- addToCartTest -->
        <test-method is-config="true" signature="after()[pri:0, instance:com.ibs.wwd.testcase.TC_002_AddToCartTest@7161d8d1]" started-at="2025-05-18T16:19:13 IST" name="after" finished-at="2025-05-18T16:19:14 IST" duration-ms="719" status="PASS">
          <reporter-output>
          </reporter-output>
        </test-method> <!-- after -->
      </class> <!-- com.ibs.wwd.testcase.TC_002_AddToCartTest -->
      <class name="com.ibs.wwd.testcase.TC_003_AllClientPortalOrders">
        <test-method is-config="true" signature="before()[pri:0, instance:com.ibs.wwd.testcase.TC_003_AllClientPortalOrders@74e28667]" started-at="2025-05-18T16:19:14 IST" name="before" finished-at="2025-05-18T16:19:18 IST" duration-ms="4122" status="PASS">
          <reporter-output>
          </reporter-output>
        </test-method> <!-- before -->
        <test-method signature="confirmationMessage()[pri:3, instance:com.ibs.wwd.testcase.TC_003_AllClientPortalOrders@74e28667]" started-at="2025-05-18T16:19:18 IST" name="confirmationMessage" finished-at="2025-05-18T16:19:19 IST" duration-ms="1120" status="PASS">
          <reporter-output>
          </reporter-output>
        </test-method> <!-- confirmationMessage -->
        <test-method is-config="true" signature="after()[pri:0, instance:com.ibs.wwd.testcase.TC_003_AllClientPortalOrders@74e28667]" started-at="2025-05-18T16:19:19 IST" name="after" finished-at="2025-05-18T16:19:20 IST" duration-ms="683" status="PASS">
          <reporter-output>
          </reporter-output>
        </test-method> <!-- after -->
      </class> <!-- com.ibs.wwd.testcase.TC_003_AllClientPortalOrders -->
      <class name="com.ibs.wwd.testcase.TC_001_LoginTest">
        <test-method is-config="true" signature="before()[pri:0, instance:com.ibs.wwd.testcase.TC_001_LoginTest@1cf6d1be]" started-at="2025-05-18T16:19:20 IST" name="before" finished-at="2025-05-18T16:19:23 IST" duration-ms="3484" status="PASS">
          <reporter-output>
          </reporter-output>
        </test-method> <!-- before -->
        <test-method signature="loginTest()[pri:1, instance:com.ibs.wwd.testcase.TC_001_LoginTest@1cf6d1be]" started-at="2025-05-18T16:19:23 IST" name="loginTest" finished-at="2025-05-18T16:19:26 IST" duration-ms="3201" status="PASS">
          <reporter-output>
          </reporter-output>
        </test-method> <!-- loginTest -->
        <test-method is-config="true" signature="after()[pri:0, instance:com.ibs.wwd.testcase.TC_001_LoginTest@1cf6d1be]" started-at="2025-05-18T16:19:26 IST" name="after" finished-at="2025-05-18T16:19:27 IST" duration-ms="559" status="PASS">
          <reporter-output>
          </reporter-output>
        </test-method> <!-- after -->
      </class> <!-- com.ibs.wwd.testcase.TC_001_LoginTest -->
    </test> <!-- Default test -->
  </suite> <!-- Default suite -->
</testng-results>
